app/proguard-project-debug.txt
#tapjoy
-keep class com.tapjoy.** { *; }
-keepattributes JavascriptInterface
-keep class * extends java.util.ListResourceBundle {
protected Object[][] getContents();
}
-keep public class com.google.android.gms.common.internal.safeparcel.SafeParcelable {
public static final *** NULL;
}
-keepnames @com.google.android.gms.common.annotation.KeepName class *
-keepclassmembernames class * {
@com.google.android.gms.common.annotation.KeepName *;
}
-keepnames class * implements android.os.Parcelable {
public static final ** CREATOR;
}
-keep class com.google.android.gms.ads.identifier.** { *; }
-dontwarn com.tapjoy.internal.**

-keep class com.google.android.gms.** { *; }
-dontwarn com.google.android.gms.**