app/build/outputs/mapping/debug/seeds.txt
com.tapjoy.easyapp.BuildConfig
com.tapjoy.easyapp.BuildConfig: boolean DEBUG
com.tapjoy.easyapp.BuildConfig: java.lang.String APPLICATION_ID
com.tapjoy.easyapp.BuildConfig: java.lang.String BUILD_TYPE
com.tapjoy.easyapp.BuildConfig: java.lang.String FLAVOR
com.tapjoy.easyapp.BuildConfig: int VERSION_CODE
com.tapjoy.easyapp.BuildConfig: java.lang.String VERSION_NAME
com.tapjoy.easyapp.BuildConfig: BuildConfig()
com.tapjoy.easyapp.BuildConfig: void <clinit>()
com.tapjoy.easyapp.EventActivity
com.tapjoy.easyapp.EventActivity: java.lang.String DEFAULT_CATEGORY
com.tapjoy.easyapp.EventActivity: java.lang.String DEFAULT_EVENT_NAME
com.tapjoy.easyapp.EventActivity: java.lang.String DEFAULT_KEY
com.tapjoy.easyapp.EventActivity: int DEFAULT_VALUE
com.tapjoy.easyapp.EventActivity: java.lang.String DEFAULT_KEY2
com.tapjoy.easyapp.EventActivity: long DEFAULT_VALUE2
com.tapjoy.easyapp.EventActivity: java.lang.String DEFAULT_KEY3
com.tapjoy.easyapp.EventActivity: long DEFAULT_VALUE3
com.tapjoy.easyapp.EventActivity: java.lang.String DEFAULT_PARAM1
com.tapjoy.easyapp.EventActivity: java.lang.String DEFAULT_PARAM2
com.tapjoy.easyapp.EventActivity: android.widget.TextView textViewOutput
com.tapjoy.easyapp.EventActivity: EventActivity()
com.tapjoy.easyapp.EventActivity: void onCreate(android.os.Bundle)
com.tapjoy.easyapp.EventActivity: void onStart()
com.tapjoy.easyapp.EventActivity: void onStop()
com.tapjoy.easyapp.EventActivity: void onClick(android.view.View)
com.tapjoy.easyapp.EventActivity: void setupUI()
com.tapjoy.easyapp.Manifest
com.tapjoy.easyapp.Manifest: Manifest()
com.tapjoy.easyapp.Manifest$permission
com.tapjoy.easyapp.Manifest$permission: java.lang.String C2D_MESSAGE
com.tapjoy.easyapp.Manifest$permission: Manifest$permission()
com.tapjoy.easyapp.R
com.tapjoy.easyapp.R: R()
com.tapjoy.easyapp.R$array
com.tapjoy.easyapp.R$array: int cohorts_array
com.tapjoy.easyapp.R$array: R$array()
com.tapjoy.easyapp.R$attr
com.tapjoy.easyapp.R$attr: int buttonSize
com.tapjoy.easyapp.R$attr: int circleCrop
com.tapjoy.easyapp.R$attr: int colorScheme
com.tapjoy.easyapp.R$attr: int imageAspectRatio
com.tapjoy.easyapp.R$attr: int imageAspectRatioAdjust
com.tapjoy.easyapp.R$attr: int scopeUris
com.tapjoy.easyapp.R$attr: R$attr()
com.tapjoy.easyapp.R$color
com.tapjoy.easyapp.R$color: int backgroundColor
com.tapjoy.easyapp.R$color: int buttonBorderColor
com.tapjoy.easyapp.R$color: int buttonColor
com.tapjoy.easyapp.R$color: int buttonTextColor
com.tapjoy.easyapp.R$color: int common_google_signin_btn_text_dark
com.tapjoy.easyapp.R$color: int common_google_signin_btn_text_dark_default
com.tapjoy.easyapp.R$color: int common_google_signin_btn_text_dark_disabled
com.tapjoy.easyapp.R$color: int common_google_signin_btn_text_dark_focused
com.tapjoy.easyapp.R$color: int common_google_signin_btn_text_dark_pressed
com.tapjoy.easyapp.R$color: int common_google_signin_btn_text_light
com.tapjoy.easyapp.R$color: int common_google_signin_btn_text_light_default
com.tapjoy.easyapp.R$color: int common_google_signin_btn_text_light_disabled
com.tapjoy.easyapp.R$color: int common_google_signin_btn_text_light_focused
com.tapjoy.easyapp.R$color: int common_google_signin_btn_text_light_pressed
com.tapjoy.easyapp.R$color: int common_plus_signin_btn_text_dark
com.tapjoy.easyapp.R$color: int common_plus_signin_btn_text_dark_default
com.tapjoy.easyapp.R$color: int common_plus_signin_btn_text_dark_disabled
com.tapjoy.easyapp.R$color: int common_plus_signin_btn_text_dark_focused
com.tapjoy.easyapp.R$color: int common_plus_signin_btn_text_dark_pressed
com.tapjoy.easyapp.R$color: int common_plus_signin_btn_text_light
com.tapjoy.easyapp.R$color: int common_plus_signin_btn_text_light_default
...
com.google.android.gms.internal.zzsb$zzb$zza
com.google.android.gms.internal.zzsb$zzb$zza: int zzd(android.content.Context,java.lang.String,boolean)
com.google.android.gms.internal.zzsb$zzb$zza: int zzt(android.content.Context,java.lang.String)
com.google.android.gms.internal.zzsb$zzb$zzb
com.google.android.gms.internal.zzsb$zzb$zzb: int KP
com.google.android.gms.internal.zzsb$zzb$zzb: int KQ
com.google.android.gms.internal.zzsb$zzb$zzb: int KR
com.google.android.gms.internal.zzsb$zzb$zzb: zzsb$zzb$zzb()
com.google.android.gms.internal.zzsc
com.google.android.gms.internal.zzsc: int zzd(com.google.android.gms.dynamic.zzd,java.lang.String)
com.google.android.gms.internal.zzsc: com.google.android.gms.dynamic.zzd zza(com.google.android.gms.dynamic.zzd,java.lang.String,int)
com.google.android.gms.internal.zzsc: int zza(com.google.android.gms.dynamic.zzd,java.lang.String,boolean)
com.google.android.gms.internal.zzsc$zza
com.google.android.gms.internal.zzsc$zza: com.google.android.gms.internal.zzsc zzfd(android.os.IBinder)
com.google.android.gms.internal.zzsc$zza: boolean onTransact(int,android.os.Parcel,android.os.Parcel,int)
com.google.android.gms.internal.zzsc$zza$zza
com.google.android.gms.internal.zzsc$zza$zza: android.os.IBinder zzahn
com.google.android.gms.internal.zzsc$zza$zza: zzsc$zza$zza(android.os.IBinder)
com.google.android.gms.internal.zzsc$zza$zza: android.os.IBinder asBinder()
com.google.android.gms.internal.zzsc$zza$zza: int zzd(com.google.android.gms.dynamic.zzd,java.lang.String)
com.google.android.gms.internal.zzsc$zza$zza: com.google.android.gms.dynamic.zzd zza(com.google.android.gms.dynamic.zzd,java.lang.String,int)
com.google.android.gms.internal.zzsc$zza$zza: int zza(com.google.android.gms.dynamic.zzd,java.lang.String,boolean)
com.google.android.gms.internal.zzt
com.google.android.gms.internal.zzt: boolean DEBUG
com.google.android.gms.internal.zzt: int zzbn
com.google.android.gms.internal.zzt: int zzbo
com.google.android.gms.internal.zzt: com.google.android.gms.internal.zzy zzbp
com.google.android.gms.internal.zzt: com.google.android.gms.internal.zzu zzbq
com.google.android.gms.internal.zzt: zzt(com.google.android.gms.internal.zzy)
com.google.android.gms.internal.zzt: zzt(com.google.android.gms.internal.zzy,com.google.android.gms.internal.zzu)
com.google.android.gms.internal.zzt: com.google.android.gms.internal.zzi zza(com.google.android.gms.internal.zzk)
com.google.android.gms.internal.zzt: void zza(long,com.google.android.gms.internal.zzk,byte[],org.apache.http.StatusLine)
com.google.android.gms.internal.zzt: void zza(java.lang.String,com.google.android.gms.internal.zzk,com.google.android.gms.internal.zzr)
com.google.android.gms.internal.zzt: void zza(java.util.Map,com.google.android.gms.internal.zzb$zza)
com.google.android.gms.internal.zzt: byte[] zza(org.apache.http.HttpEntity)
com.google.android.gms.internal.zzt: java.util.Map zza(org.apache.http.Header[])
com.google.android.gms.internal.zzt: void <clinit>()