app/build/outputs/mapping/debug/mapping.txt
com.tapjoy.easyapp.BuildConfig -> com.tapjoy.easyapp.BuildConfig:
    boolean DEBUG -> DEBUG
    java.lang.String APPLICATION_ID -> APPLICATION_ID
    java.lang.String BUILD_TYPE -> BUILD_TYPE
    java.lang.String FLAVOR -> FLAVOR
    int VERSION_CODE -> VERSION_CODE
    java.lang.String VERSION_NAME -> VERSION_NAME
    void <init>() -> <init>
    void <clinit>() -> <clinit>
com.tapjoy.easyapp.EventActivity -> com.tapjoy.easyapp.EventActivity:
    java.lang.String DEFAULT_CATEGORY -> DEFAULT_CATEGORY
    java.lang.String DEFAULT_EVENT_NAME -> DEFAULT_EVENT_NAME
    java.lang.String DEFAULT_KEY -> DEFAULT_KEY
    int DEFAULT_VALUE -> DEFAULT_VALUE
    java.lang.String DEFAULT_KEY2 -> DEFAULT_KEY2
    long DEFAULT_VALUE2 -> DEFAULT_VALUE2
    java.lang.String DEFAULT_KEY3 -> DEFAULT_KEY3
    long DEFAULT_VALUE3 -> DEFAULT_VALUE3
    java.lang.String DEFAULT_PARAM1 -> DEFAULT_PARAM1
    java.lang.String DEFAULT_PARAM2 -> DEFAULT_PARAM2
    android.widget.TextView textViewOutput -> textViewOutput
    void <init>() -> <init>
    void onCreate(android.os.Bundle) -> onCreate
    void onStart() -> onStart
    void onStop() -> onStop
    void onClick(android.view.View) -> onClick
    void setupUI() -> setupUI
com.tapjoy.easyapp.Manifest -> com.tapjoy.easyapp.Manifest:
    void <init>() -> <init>
com.tapjoy.easyapp.Manifest$permission -> com.tapjoy.easyapp.Manifest$permission:
    java.lang.String C2D_MESSAGE -> C2D_MESSAGE
    void <init>() -> <init>
com.tapjoy.easyapp.R -> com.tapjoy.easyapp.R:
    void <init>() -> <init>
com.tapjoy.easyapp.R$array -> com.tapjoy.easyapp.R$array:
    int cohorts_array -> cohorts_array
    void <init>() -> <init>
com.tapjoy.easyapp.R$attr -> com.tapjoy.easyapp.R$attr:
    int buttonSize -> buttonSize
    int circleCrop -> circleCrop
    int colorScheme -> colorScheme
    int imageAspectRatio -> imageAspectRatio
    int imageAspectRatioAdjust -> imageAspectRatioAdjust
    int scopeUris -> scopeUris
    void <init>() -> <init>
com.tapjoy.easyapp.R$color -> com.tapjoy.easyapp.R$color:
    int backgroundColor -> backgroundColor
    int buttonBorderColor -> buttonBorderColor
    int buttonColor -> buttonColor
    int buttonTextColor -> buttonTextColor
    int common_google_signin_btn_text_dark -> common_google_signin_btn_text_dark
    int common_google_signin_btn_text_dark_default -> common_google_signin_btn_text_dark_default
    int common_google_signin_btn_text_dark_disabled -> common_google_signin_btn_text_dark_disabled
    int common_google_signin_btn_text_dark_focused -> common_google_signin_btn_text_dark_focused
    int common_google_signin_btn_text_dark_pressed -> common_google_signin_btn_text_dark_pressed
    int common_google_signin_btn_text_light -> common_google_signin_btn_text_light
    int common_google_signin_btn_text_light_default -> common_google_signin_btn_text_light_default
    int common_google_signin_btn_text_light_disabled -> common_google_signin_btn_text_light_disabled
    int common_google_signin_btn_text_light_focused -> common_google_signin_btn_text_light_focused
    int common_google_signin_btn_text_light_pressed -> common_google_signin_btn_text_light_pressed
    int common_plus_signin_btn_text_dark -> common_plus_signin_btn_text_dark
    int common_plus_signin_btn_text_dark_default -> common_plus_signin_btn_text_dark_default
    int common_plus_signin_btn_text_dark_disabled -> common_plus_signin_btn_text_dark_disabled
...
com.tapjoy.internal.dz$a -> com.tapjoy.internal.dz$a:
    java.util.Stack a -> a
    void <init>() -> <init>
    void a(com.tapjoy.internal.dl) -> a
    int a(int) -> a
    void <init>(byte) -> <init>
com.tapjoy.internal.dz$b -> com.tapjoy.internal.dz$b:
    java.util.Stack a -> a
    com.tapjoy.internal.du b -> b
    void <init>(com.tapjoy.internal.dl) -> <init>
    com.tapjoy.internal.du a(com.tapjoy.internal.dl) -> a
    com.tapjoy.internal.du b() -> b
    boolean hasNext() -> hasNext
    com.tapjoy.internal.du a() -> a
    void remove() -> remove
    java.lang.Object next() -> next
    void <init>(com.tapjoy.internal.dl,byte) -> <init>
com.tapjoy.internal.dz$c -> com.tapjoy.internal.dz$c:
    com.tapjoy.internal.dz$b c -> c
    com.tapjoy.internal.dl$a d -> d
    int a -> a
    com.tapjoy.internal.dz b -> b
    void <init>(com.tapjoy.internal.dz) -> <init>
    boolean hasNext() -> hasNext
    byte a() -> a
    void remove() -> remove
    java.lang.Object next() -> next
    void <init>(com.tapjoy.internal.dz,byte) -> <init>
com.tapjoy.internal.e -> com.tapjoy.internal.e:
    boolean a -> a
    void <init>(android.content.Context) -> <init>
    void show() -> show
    void cancel() -> cancel
com.tapjoy.internal.ea -> com.tapjoy.internal.ea:
    java.util.List a -> a
    void <init>() -> <init>
com.tapjoy.internal.eb -> com.tapjoy.internal.eb:
    com.tapjoy.internal.dt a -> a
    void <init>(com.tapjoy.internal.dt) -> <init>
    int size() -> size
    com.tapjoy.internal.dl a(int) -> a
    void a(com.tapjoy.internal.dl) -> a
    java.util.ListIterator listIterator(int) -> listIterator
    java.util.Iterator iterator() -> iterator
    java.util.List a() -> a
    com.tapjoy.internal.dt b() -> b
    java.lang.Object get(int) -> get
    com.tapjoy.internal.dt a(com.tapjoy.internal.eb) -> a
com.tapjoy.internal.eb$1 -> com.tapjoy.internal.eb$1:
    java.util.ListIterator a -> a
    int b -> b
    com.tapjoy.internal.eb c -> c
    void <init>(com.tapjoy.internal.eb,int) -> <init>
    boolean hasNext() -> hasNext
    boolean hasPrevious() -> hasPrevious
    int nextIndex() -> nextIndex
    int previousIndex() -> previousIndex
    void remove() -> remove
    void add(java.lang.Object) -> add
    void set(java.lang.Object) -> set
    java.lang.Object previous() -> previous
    java.lang.Object next() -> next
com.tapjoy.internal.eb$2 -> com.tapjoy.internal.eb$2:
    java.util.Iterator a -> a
    com.tapjoy.internal.eb b -> b
    void <init>(com.tapjoy.internal.eb) -> <init>
    boolean hasNext() -> hasNext
    void remove() -> remove
    java.lang.Object next() -> next
com.tapjoy.internal.ec -> com.tapjoy.internal.ec:
    boolean a(byte[],int,int) -> a
    int b(byte[],int,int) -> b
    int a(int,int) -> a
    int a(int,int,int) -> a
    int c(byte[],int,int) -> c
com.tapjoy.internal.ed -> com.tapjoy.internal.ed:
    int a -> a
    int b -> b
    int c -> c
    int d -> d
    int a(int) -> a
    int b(int) -> b
    int a(int,int) -> a
    void <clinit>() -> <clinit>