app/build/outputs/mapping/debug/usage.txt
android.support.annotation.UiThread
android.support.annotation.VisibleForTesting
android.support.annotation.WorkerThread
android.support.annotation.XmlRes
android.support.v4.BuildConfig
android.support.v4.accessibilityservice.AccessibilityServiceInfoCompat
android.support.v4.accessibilityservice.AccessibilityServiceInfoCompat$AccessibilityServiceInfoIcsImpl
android.support.v4.accessibilityservice.AccessibilityServiceInfoCompat$AccessibilityServiceInfoJellyBeanMr2
android.support.v4.accessibilityservice.AccessibilityServiceInfoCompat$AccessibilityServiceInfoStubImpl
android.support.v4.accessibilityservice.AccessibilityServiceInfoCompat$AccessibilityServiceInfoVersionImpl
android.support.v4.accessibilityservice.AccessibilityServiceInfoCompatIcs
android.support.v4.accessibilityservice.AccessibilityServiceInfoCompatJellyBeanMr2
android.support.v4.animation.AnimatorCompatHelper
android.support.v4.animation.AnimatorListenerCompat
android.support.v4.animation.AnimatorProvider
android.support.v4.animation.AnimatorUpdateListenerCompat
android.support.v4.animation.DonutAnimatorCompatProvider
android.support.v4.animation.DonutAnimatorCompatProvider$DonutFloatValueAnimator
android.support.v4.animation.DonutAnimatorCompatProvider$DonutFloatValueAnimator$1
android.support.v4.animation.HoneycombMr1AnimatorCompatProvider
android.support.v4.animation.HoneycombMr1AnimatorCompatProvider$AnimatorListenerCompatWrapper
android.support.v4.animation.HoneycombMr1AnimatorCompatProvider$HoneycombValueAnimatorCompat
android.support.v4.animation.HoneycombMr1AnimatorCompatProvider$HoneycombValueAnimatorCompat$1
android.support.v4.animation.ValueAnimatorCompat
android.support.v4.app.ActionBarDrawerToggle
android.support.v4.app.ActionBarDrawerToggle$1
android.support.v4.app.ActionBarDrawerToggle$ActionBarDrawerToggleImpl
android.support.v4.app.ActionBarDrawerToggle$ActionBarDrawerToggleImplBase
android.support.v4.app.ActionBarDrawerToggle$ActionBarDrawerToggleImplHC
android.support.v4.app.ActionBarDrawerToggle$ActionBarDrawerToggleImplJellybeanMR2
android.support.v4.app.ActionBarDrawerToggle$Delegate
android.support.v4.app.ActionBarDrawerToggle$DelegateProvider
android.support.v4.app.ActionBarDrawerToggle$SlideDrawable
android.support.v4.app.ActionBarDrawerToggleHoneycomb
android.support.v4.app.ActionBarDrawerToggleHoneycomb$SetIndicatorInfo
android.support.v4.app.ActionBarDrawerToggleJellybeanMR2
android.support.v4.app.ActivityCompat:
    44:377:public ActivityCompat()
    107:111:public static boolean invalidateOptionsMenu(android.app.Activity)
    132:137:public static void startActivity(android.app.Activity,android.content.Intent,android.os.Bundle)
    161:166:public static void startActivityForResult(android.app.Activity,android.content.Intent,int,android.os.Bundle)
    176:181:public static void finishAffinity(android.app.Activity)
    206:218:public android.net.Uri getReferrer(android.app.Activity)
    231:234:public static void setEnterSharedElementCallback(android.app.Activity,android.support.v4.app.SharedElementCallback)
    247:250:public static void setExitSharedElementCallback(android.app.Activity,android.support.v4.app.SharedElementCallback)
    253:256:public static void postponeEnterTransition(android.app.Activity)
    259:262:public static void startPostponedEnterTransition(android.app.Activity)
    370:374:private static android.support.v4.app.ActivityCompat21$SharedElementCallback21 createCallback(android.support.v4.app.SharedElementCallback)
android.support.v4.app.ActivityCompat$SharedElementCallback21Impl